Arguments: 
  /usr/bin/node /usr/share/yarn/bin/yarn.js add jquery-slimscrol

PATH: 
  /home/ailton/.config/composer/vendor/bin:/usr/local/sbin:/usr/local/bin:/usr/sbin:/usr/bin:/sbin:/bin:/usr/games:/usr/local/games:/opt/jdk/jdk1.8.0_171/bin

Yarn version: 
  1.7.0

Node version: 
  8.10.0

Platform: 
  linux x64

Trace: 
  Error: https://registry.yarnpkg.com/jquery-slimscrol: Not found
      at Request.params.callback [as _callback] (/usr/share/yarn/lib/cli.js:65656:18)
      at Request.self.callback (/usr/share/yarn/lib/cli.js:134675:22)
      at emitTwo (events.js:126:13)
      at Request.emit (events.js:214:7)
      at Request.<anonymous> (/usr/share/yarn/lib/cli.js:135658:10)
      at emitOne (events.js:116:13)
      at Request.emit (events.js:211:7)
      at IncomingMessage.<anonymous> (/usr/share/yarn/lib/cli.js:135578:12)
      at Object.onceWrapper (events.js:313:30)
      at emitNone (events.js:111:20)

npm manifest: 
  {
    "name": "crede-reservation",
    "version": "1.0.0",
    "description": "Crede Reservation Application and Orkidea Framework",
    "main": "index.js",
    "repository": "https://ailtonbsj@bitbucket.org/ailtonbsj/crede-reservation.git",
    "author": "ailtonbsj <ailton.ifce@gmail.com>",
    "license": "MIT",
    "dependencies": {
      "bootstrap": "3",
      "fastclick": "^1.0.6",
      "font-awesome": "^4.7.0",
      "jquery": "^3.3.1",
      "toastr": "^2.1.4"
    },
    "scripts": {
      "build": "./build.sh",
      "serve": "php -S 0.0.0.0:8080"
    }
  }

yarn manifest: 
  No manifest

Lockfile: 
  # THIS IS AN AUTOGENERATED FILE. DO NOT EDIT THIS FILE DIRECTLY.
  # yarn lockfile v1
  
  
  bootstrap@3:
    version "3.3.7"
    resolved "https://registry.yarnpkg.com/bootstrap/-/bootstrap-3.3.7.tgz#5a389394549f23330875a3b150656574f8a9eb71"
  
  fastclick@^1.0.6:
    version "1.0.6"
    resolved "https://registry.yarnpkg.com/fastclick/-/fastclick-1.0.6.tgz#161625b27b1a5806405936bda9a2c1926d06be6a"
  
  font-awesome@^4.7.0:
    version "4.7.0"
    resolved "https://registry.yarnpkg.com/font-awesome/-/font-awesome-4.7.0.tgz#8fa8cf0411a1a31afd07b06d2902bb9fc815a133"
  
  jquery@>=1.12.0, jquery@^3.3.1:
    version "3.3.1"
    resolved "https://registry.yarnpkg.com/jquery/-/jquery-3.3.1.tgz#958ce29e81c9790f31be7792df5d4d95fc57fbca"
  
  toastr@^2.1.4:
    version "2.1.4"
    resolved "https://registry.yarnpkg.com/toastr/-/toastr-2.1.4.tgz#8b43be64fb9d0c414871446f2db8e8ca4e95f181"
    dependencies:
      jquery ">=1.12.0"
